Build started 12/28/2015 3:07:34 PM.
     1>Project "C:\Projects\Concordia\COMP426 - Multicore Programming\bPhyscisEngine2D\bPhyscisEngine2D\bPhyscisEngine2D.vcxproj" on node 2 (Build target(s)).
     1>ClCompile:
         C:\Program Files (x86)\Microsoft Visual Studio 14.0\VC\bin\x86_amd64\CL.exe /c /I"C:\Program Files\NVIDIA GPU Computing Toolkit\CUDA\v7.5\\include" /IDependencies\ /Zi /nologo /W3 /WX- /sdl /O2 /Oi /GL /D _MBCS /Gm- /EHsc /MD /GS /Gy /fp:precise /Zc:wchar_t /Zc:forScope /Zc:inline /Fo"x64\Release\\" /Fd"x64\Release\vc140.pdb" /Gd /TP /errorReport:prompt Main.cpp
         Main.cpp
     1>c:\projects\concordia\comp426 - multicore programming\bphyscisengine2d\bphyscisengine2d\bRect.h(22): warning C4244: '=': conversion from 'float' to 'int', possible loss of data
     1>c:\projects\concordia\comp426 - multicore programming\bphyscisengine2d\bphyscisengine2d\bRect.h(23): warning C4244: '=': conversion from 'float' to 'int', possible loss of data
     1>c:\projects\concordia\comp426 - multicore programming\bphyscisengine2d\bphyscisengine2d\bRect.h(24): warning C4244: '=': conversion from 'float' to 'int', possible loss of data
     1>c:\projects\concordia\comp426 - multicore programming\bphyscisengine2d\bphyscisengine2d\bRect.h(25): warning C4244: '=': conversion from 'float' to 'int', possible loss of data
     1>Main.cpp(143): warning C4244: 'argument': conversion from 'float' to 'int', possible loss of data
     1>Main.cpp(210): warning C4244: 'argument': conversion from 'float' to 'int', possible loss of data
     1>Main.cpp(264): warning C4244: '=': conversion from 'double' to 'cl_float', possible loss of data
     1>Main.cpp(266): warning C4244: '=': conversion from 'double' to 'cl_float', possible loss of data
     1>Main.cpp(307): warning C4244: 'argument': conversion from 'int' to 'float', possible loss of data
     1>Main.cpp(308): warning C4244: 'argument': conversion from 'int' to 'float', possible loss of data
     1>Main.cpp(313): warning C4244: 'initializing': conversion from 'float' to 'int', possible loss of data
     1>Main.cpp(314): warning C4244: 'initializing': conversion from 'float' to 'int', possible loss of data
     1>Main.cpp(316): warning C4244: 'argument': conversion from 'float' to 'int', possible loss of data
     1>Main.cpp(317): warning C4244: 'argument': conversion from 'int' to 'float', possible loss of data
     1>Main.cpp(326): warning C4244: 'argument': conversion from 'int' to 'float', possible loss of data
     1>Main.cpp(327): warning C4244: 'argument': conversion from 'int' to 'float', possible loss of data
     1>Main.cpp(332): warning C4244: 'initializing': conversion from 'float' to 'int', possible loss of data
     1>Main.cpp(333): warning C4244: 'initializing': conversion from 'float' to 'int', possible loss of data
     1>Main.cpp(335): warning C4244: 'argument': conversion from 'float' to 'int', possible loss of data
     1>Main.cpp(336): warning C4244: 'argument': conversion from 'int' to 'float', possible loss of data
     1>Main.cpp(453): warning C4244: 'argument': conversion from 'int' to 'float', possible loss of data
     1>Main.cpp(454): warning C4244: 'argument': conversion from 'int' to 'float', possible loss of data
     1>Main.cpp(455): warning C4244: 'argument': conversion from 'int' to 'float', possible loss of data
     1>Main.cpp(456): warning C4244: 'argument': conversion from 'int' to 'float', possible loss of data
     1>Main.cpp(457): warning C4244: 'argument': conversion from 'int' to 'float', possible loss of data
     1>Main.cpp(458): warning C4244: 'argument': conversion from 'int' to 'float', possible loss of data
     1>Main.cpp(459): warning C4244: 'argument': conversion from 'int' to 'float', possible loss of data
     1>Main.cpp(460): warning C4244: 'argument': conversion from 'int' to 'float', possible loss of data
     1>Main.cpp(461): warning C4244: 'argument': conversion from 'int' to 'float', possible loss of data
     1>Main.cpp(485): warning C4267: 'argument': conversion from 'size_t' to 'int', possible loss of data
     1>Main.cpp(501): warning C4244: 'argument': conversion from 'double' to 'int', possible loss of data
     1>Main.cpp(537): warning C4244: 'argument': conversion from 'float' to 'GLsizei', possible loss of data
     1>Main.cpp(537): warning C4244: 'argument': conversion from 'float' to 'GLint', possible loss of data
     1>Main.cpp(538): warning C4244: 'argument': conversion from 'float' to 'GLsizei', possible loss of data
     1>Main.cpp(538): warning C4244: 'argument': conversion from 'float' to 'GLint', possible loss of data
     1>Main.cpp(552): warning C4244: 'argument': conversion from 'double' to 'int', possible loss of data
     1>Main.cpp(566): warning C4244: 'argument': conversion from 'double' to 'int', possible loss of data
     1>Main.cpp(576): warning C4477: 'sprintf_s' : format string '%d' requires an argument of type 'int', but variadic argument 1 has type 'unsigned __int64'
         Main.cpp(576): note: consider using '%zd' in the format string
       Link:
         C:\Program Files (x86)\Microsoft Visual Studio 14.0\VC\bin\x86_amd64\link.exe /ERRORREPORT:PROMPT /OUT:"C:\Projects\Concordia\COMP426 - Multicore Programming\bPhyscisEngine2D\x64\Release\bPhyscisEngine2D.exe" /NOLOGO /LIBPATH:"C:\Program Files\NVIDIA GPU Computing Toolkit\CUDA\v7.5\lib\x64" /LIBPATH:Dependencies\ OpenCL.lib freeglutd.lib glew32.lib glfw3dll.lib kernel32.lib user32.lib gdi32.lib winspool.lib comdlg32.lib advapi32.lib shell32.lib ole32.lib oleaut32.lib uuid.lib odbc32.lib odbccp32.lib /MANIFEST /MANIFESTUAC:"level='asInvoker' uiAccess='false'" /manifest:embed /Debug /PDB:"C:\Projects\Concordia\COMP426 - Multicore Programming\bPhyscisEngine2D\x64\Release\bPhyscisEngine2D.pdb" /OPT:REF /OPT:ICF /LTCG:incremental /TLBID:1 /DYNAMICBASE /NXCOMPAT /IMPLIB:"C:\Projects\Concordia\COMP426 - Multicore Programming\bPhyscisEngine2D\x64\Release\bPhyscisEngine2D.lib" /MACHINE:X64 x64\Release\bQuadTree.obj
         x64\Release\bCircle.obj
         x64\Release\bCollision.obj
         x64\Release\bManifold.obj
         x64\Release\bPhysics.obj
         x64\Release\bPoly.obj
         x64\Release\bRigidbody2D.obj
         x64\Release\bShader.obj
         x64\Release\bUtils.obj
         x64\Release\bWidget.obj
         x64\Release\shader.obj
         x64\Release\texture.obj
         x64\Release\text2D.obj
         x64\Release\Main.obj
         x64\Release\Mesh.obj
         x64\Release\scene.obj
         x64\Release\Transform.obj
         Generating code
         0 of 950 functions ( 0.0%) were compiled, the rest were copied from previous compilation.
           0 functions were new in current compilation
           0 functions had inline decision re-evaluated but remain unchanged
         Finished generating code
         bPhyscisEngine2D.vcxproj -> C:\Projects\Concordia\COMP426 - Multicore Programming\bPhyscisEngine2D\x64\Release\bPhyscisEngine2D.exe
     1>Done Building Project "C:\Projects\Concordia\COMP426 - Multicore Programming\bPhyscisEngine2D\bPhyscisEngine2D\bPhyscisEngine2D.vcxproj" (Build target(s)).

Build succeeded.

Time Elapsed 00:00:02.35
