c:\projects\concordia\comp426 - multicore programming\bphyscisengine2d\bphyscisengine2d\x64\release\vc140.pdb
c:\projects\concordia\comp426 - multicore programming\bphyscisengine2d\bphyscisengine2d\x64\release\transform.obj
c:\projects\concordia\comp426 - multicore programming\bphyscisengine2d\bphyscisengine2d\x64\release\scene.obj
c:\projects\concordia\comp426 - multicore programming\bphyscisengine2d\bphyscisengine2d\x64\release\mesh.obj
c:\projects\concordia\comp426 - multicore programming\bphyscisengine2d\bphyscisengine2d\x64\release\main.obj
c:\projects\concordia\comp426 - multicore programming\bphyscisengine2d\bphyscisengine2d\x64\release\text2d.obj
c:\projects\concordia\comp426 - multicore programming\bphyscisengine2d\bphyscisengine2d\x64\release\texture.obj
c:\projects\concordia\comp426 - multicore programming\bphyscisengine2d\bphyscisengine2d\x64\release\shader.obj
c:\projects\concordia\comp426 - multicore programming\bphyscisengine2d\bphyscisengine2d\x64\release\bwidget.obj
c:\projects\concordia\comp426 - multicore programming\bphyscisengine2d\bphyscisengine2d\x64\release\butils.obj
c:\projects\concordia\comp426 - multicore programming\bphyscisengine2d\bphyscisengine2d\x64\release\bshader.obj
c:\projects\concordia\comp426 - multicore programming\bphyscisengine2d\bphyscisengine2d\x64\release\brigidbody2d.obj
c:\projects\concordia\comp426 - multicore programming\bphyscisengine2d\bphyscisengine2d\x64\release\bpoly.obj
c:\projects\concordia\comp426 - multicore programming\bphyscisengine2d\bphyscisengine2d\x64\release\bphysics.obj
c:\projects\concordia\comp426 - multicore programming\bphyscisengine2d\bphyscisengine2d\x64\release\bmanifold.obj
c:\projects\concordia\comp426 - multicore programming\bphyscisengine2d\bphyscisengine2d\x64\release\bcollision.obj
c:\projects\concordia\comp426 - multicore programming\bphyscisengine2d\bphyscisengine2d\x64\release\bcircle.obj
c:\projects\concordia\comp426 - multicore programming\bphyscisengine2d\bphyscisengine2d\x64\release\bquadtree.obj
c:\projects\concordia\comp426 - multicore programming\bphyscisengine2d\x64\release\bphyscisengine2d.exe
c:\projects\concordia\comp426 - multicore programming\bphyscisengine2d\x64\release\bphyscisengine2d.ipdb
c:\projects\concordia\comp426 - multicore programming\bphyscisengine2d\x64\release\bphyscisengine2d.iobj
c:\projects\concordia\comp426 - multicore programming\bphyscisengine2d\x64\release\bphyscisengine2d.pdb
c:\projects\concordia\comp426 - multicore programming\bphyscisengine2d\bphyscisengine2d\x64\release\bphyscisengine2d.tlog\cl.command.1.tlog
c:\projects\concordia\comp426 - multicore programming\bphyscisengine2d\bphyscisengine2d\x64\release\bphyscisengine2d.tlog\cl.read.1.tlog
c:\projects\concordia\comp426 - multicore programming\bphyscisengine2d\bphyscisengine2d\x64\release\bphyscisengine2d.tlog\cl.write.1.tlog
c:\projects\concordia\comp426 - multicore programming\bphyscisengine2d\bphyscisengine2d\x64\release\bphyscisengine2d.tlog\link.command.1.tlog
c:\projects\concordia\comp426 - multicore programming\bphyscisengine2d\bphyscisengine2d\x64\release\bphyscisengine2d.tlog\link.read.1.tlog
c:\projects\concordia\comp426 - multicore programming\bphyscisengine2d\bphyscisengine2d\x64\release\bphyscisengine2d.tlog\link.write.1.tlog
